[0.304s] DEBUG:colcon:Command line arguments: ['/usr/bin/colcon', 'build', '--symlink-install', '--packages-select', 'mujoco_pendulum']
[0.304s] DEBUG:colcon:Parsed command line arguments: Namespace(log_base=None, log_level=None, verb_name='build', build_base='build', install_base='install', merge_install=False, symlink_install=True, test_result_base=None, continue_on_error=False, executor='parallel', parallel_workers=16, event_handlers=None, ignore_user_meta=False, metas=['./colcon.meta'], base_paths=['.'], packages_ignore=None, packages_ignore_regex=None, paths=None, packages_up_to=None, packages_up_to_regex=None, packages_above=None, packages_above_and_dependencies=None, packages_above_depth=None, packages_select_by_dep=None, packages_skip_by_dep=None, packages_skip_up_to=None, packages_select_build_failed=False, packages_skip_build_finished=False, packages_select_test_failures=False, packages_skip_test_passed=False, packages_select=['mujoco_pendulum'], packages_skip=None, packages_select_regex=None, packages_skip_regex=None, packages_start=None, packages_end=None, allow_overriding=[], cmake_args=None, cmake_target=None, cmake_target_skip_unavailable=False, cmake_clean_cache=False, cmake_clean_first=False, cmake_force_configure=False, ament_cmake_args=None, catkin_cmake_args=None, catkin_skip_building_tests=False, verb_parser=<colcon_defaults.argument_parser.defaults.DefaultArgumentsDecorator object at 0x7e6b1f013580>, verb_extension=<colcon_core.verb.build.BuildVerb object at 0x7e6b1f012f80>, main=<bound method BuildVerb.main of <colcon_core.verb.build.BuildVerb object at 0x7e6b1f012f80>>)
[0.552s] Level 1:colcon.colcon_core.package_discovery:discover_packages(colcon_meta) check parameters
[0.552s] Level 1:colcon.colcon_core.package_discovery:discover_packages(recursive) check parameters
[0.552s] Level 1:colcon.colcon_core.package_discovery:discover_packages(ignore) check parameters
[0.552s] Level 1:colcon.colcon_core.package_discovery:discover_packages(path) check parameters
[0.552s] Level 1:colcon.colcon_core.package_discovery:discover_packages(colcon_meta) discover
[0.553s] Level 1:colcon.colcon_core.package_discovery:discover_packages(recursive) discover
[0.553s] INFO:colcon.colcon_core.package_discovery:Crawling recursively for packages in '/home/jiang/mojoco/ros2_ws'
[0.553s] Level 1:colcon.colcon_core.package_identification:_identify(.) by extensions ['ignore', 'ignore_ament_install']
[0.553s] Level 1:colcon.colcon_core.package_identification:_identify(.) by extension 'ignore'
[0.553s] Level 1:colcon.colcon_core.package_identification:_identify(.) by extension 'ignore_ament_install'
[0.553s] Level 1:colcon.colcon_core.package_identification:_identify(.) by extensions ['colcon_pkg']
[0.553s] Level 1:colcon.colcon_core.package_identification:_identify(.) by extension 'colcon_pkg'
[0.553s] Level 1:colcon.colcon_core.package_identification:_identify(.) by extensions ['colcon_meta']
[0.553s] Level 1:colcon.colcon_core.package_identification:_identify(.) by extension 'colcon_meta'
[0.553s] Level 1:colcon.colcon_core.package_identification:_identify(.) by extensions ['ros']
[0.553s] Level 1:colcon.colcon_core.package_identification:_identify(.) by extension 'ros'
[0.590s] Level 1:colcon.colcon_core.package_identification:_identify(.) by extensions ['cmake', 'python']
[0.590s] Level 1:colcon.colcon_core.package_identification:_identify(.) by extension 'cmake'
[0.590s] Level 1:colcon.colcon_core.package_identification:_identify(.) by extension 'python'
[0.590s] Level 1:colcon.colcon_core.package_identification:_identify(.) by extensions ['python_setup_py']
[0.590s] Level 1:colcon.colcon_core.package_identification:_identify(.) by extension 'python_setup_py'
[0.591s] Level 1:colcon.colcon_core.package_identification:_identify(build) by extensions ['ignore', 'ignore_ament_install']
[0.591s] Level 1:colcon.colcon_core.package_identification:_identify(build) by extension 'ignore'
[0.591s] Level 1:colcon.colcon_core.package_identification:_identify(build) ignored
[0.591s] Level 1:colcon.colcon_core.package_identification:_identify(install) by extensions ['ignore', 'ignore_ament_install']
[0.591s] Level 1:colcon.colcon_core.package_identification:_identify(install) by extension 'ignore'
[0.591s] Level 1:colcon.colcon_core.package_identification:_identify(install) ignored
[0.591s] Level 1:colcon.colcon_core.package_identification:_identify(log) by extensions ['ignore', 'ignore_ament_install']
[0.592s] Level 1:colcon.colcon_core.package_identification:_identify(log) by extension 'ignore'
[0.592s] Level 1:colcon.colcon_core.package_identification:_identify(log) ignored
[0.592s] Level 1:colcon.colcon_core.package_identification:_identify(src) by extensions ['ignore', 'ignore_ament_install']
[0.592s] Level 1:colcon.colcon_core.package_identification:_identify(src) by extension 'ignore'
[0.592s] Level 1:colcon.colcon_core.package_identification:_identify(src) by extension 'ignore_ament_install'
[0.592s] Level 1:colcon.colcon_core.package_identification:_identify(src) by extensions ['colcon_pkg']
[0.592s] Level 1:colcon.colcon_core.package_identification:_identify(src) by extension 'colcon_pkg'
[0.592s] Level 1:colcon.colcon_core.package_identification:_identify(src) by extensions ['colcon_meta']
[0.592s] Level 1:colcon.colcon_core.package_identification:_identify(src) by extension 'colcon_meta'
[0.592s] Level 1:colcon.colcon_core.package_identification:_identify(src) by extensions ['ros']
[0.592s] Level 1:colcon.colcon_core.package_identification:_identify(src) by extension 'ros'
[0.592s] Level 1:colcon.colcon_core.package_identification:_identify(src) by extensions ['cmake', 'python']
[0.592s] Level 1:colcon.colcon_core.package_identification:_identify(src) by extension 'cmake'
[0.592s] Level 1:colcon.colcon_core.package_identification:_identify(src) by extension 'python'
[0.592s] Level 1:colcon.colcon_core.package_identification:_identify(src) by extensions ['python_setup_py']
[0.592s] Level 1:colcon.colcon_core.package_identification:_identify(src) by extension 'python_setup_py'
[0.592s] Level 1:colcon.colcon_core.package_identification:_identify(src/mujoco_pendulum) by extensions ['ignore', 'ignore_ament_install']
[0.592s] Level 1:colcon.colcon_core.package_identification:_identify(src/mujoco_pendulum) by extension 'ignore'
[0.592s] Level 1:colcon.colcon_core.package_identification:_identify(src/mujoco_pendulum) by extension 'ignore_ament_install'
[0.592s] Level 1:colcon.colcon_core.package_identification:_identify(src/mujoco_pendulum) by extensions ['colcon_pkg']
[0.592s] Level 1:colcon.colcon_core.package_identification:_identify(src/mujoco_pendulum) by extension 'colcon_pkg'
[0.592s] Level 1:colcon.colcon_core.package_identification:_identify(src/mujoco_pendulum) by extensions ['colcon_meta']
[0.592s] Level 1:colcon.colcon_core.package_identification:_identify(src/mujoco_pendulum) by extension 'colcon_meta'
[0.592s] Level 1:colcon.colcon_core.package_identification:_identify(src/mujoco_pendulum) by extensions ['ros']
[0.592s] Level 1:colcon.colcon_core.package_identification:_identify(src/mujoco_pendulum) by extension 'ros'
[0.603s] DEBUG:colcon.colcon_core.package_identification:Package 'src/mujoco_pendulum' with type 'ros.ament_python' and name 'mujoco_pendulum'
[0.603s] Level 1:colcon.colcon_core.package_discovery:discover_packages(recursive) using defaults
[0.603s] Level 1:colcon.colcon_core.package_discovery:discover_packages(ignore) discover
[0.603s] Level 1:colcon.colcon_core.package_discovery:discover_packages(ignore) using defaults
[0.603s] Level 1:colcon.colcon_core.package_discovery:discover_packages(path) discover
[0.603s] Level 1:colcon.colcon_core.package_discovery:discover_packages(path) using defaults
[0.627s] Level 1:colcon.colcon_core.package_discovery:discover_packages(prefix_path) check parameters
[0.627s] Level 1:colcon.colcon_core.package_discovery:discover_packages(prefix_path) discover
[0.631s] DEBUG:colcon.colcon_installed_package_information.package_discovery:Found 272 installed packages in /opt/ros/humble
[0.631s] Level 1:colcon.colcon_core.package_discovery:discover_packages(prefix_path) using defaults
[0.654s] Level 5:colcon.colcon_core.verb:set package 'mujoco_pendulum' build argument 'cmake_args' from command line to 'None'
[0.655s] Level 5:colcon.colcon_core.verb:set package 'mujoco_pendulum' build argument 'cmake_target' from command line to 'None'
[0.655s] Level 5:colcon.colcon_core.verb:set package 'mujoco_pendulum' build argument 'cmake_target_skip_unavailable' from command line to 'False'
[0.655s] Level 5:colcon.colcon_core.verb:set package 'mujoco_pendulum' build argument 'cmake_clean_cache' from command line to 'False'
[0.655s] Level 5:colcon.colcon_core.verb:set package 'mujoco_pendulum' build argument 'cmake_clean_first' from command line to 'False'
[0.655s] Level 5:colcon.colcon_core.verb:set package 'mujoco_pendulum' build argument 'cmake_force_configure' from command line to 'False'
[0.655s] Level 5:colcon.colcon_core.verb:set package 'mujoco_pendulum' build argument 'ament_cmake_args' from command line to 'None'
[0.655s] Level 5:colcon.colcon_core.verb:set package 'mujoco_pendulum' build argument 'catkin_cmake_args' from command line to 'None'
[0.655s] Level 5:colcon.colcon_core.verb:set package 'mujoco_pendulum' build argument 'catkin_skip_building_tests' from command line to 'False'
[0.655s] DEBUG:colcon.colcon_core.verb:Building package 'mujoco_pendulum' with the following arguments: {'ament_cmake_args': None, 'build_base': '/home/jiang/mojoco/ros2_ws/build/mujoco_pendulum', 'catkin_cmake_args': None, 'catkin_skip_building_tests': False, 'cmake_args': None, 'cmake_clean_cache': False, 'cmake_clean_first': False, 'cmake_force_configure': False, 'cmake_target': None, 'cmake_target_skip_unavailable': False, 'install_base': '/home/jiang/mojoco/ros2_ws/install/mujoco_pendulum', 'merge_install': False, 'path': '/home/jiang/mojoco/ros2_ws/src/mujoco_pendulum', 'symlink_install': True, 'test_result_base': None}
[0.655s] INFO:colcon.colcon_core.executor:Executing jobs using 'parallel' executor
[0.656s] DEBUG:colcon.colcon_parallel_executor.executor.parallel:run_until_complete
[0.656s] INFO:colcon.colcon_ros.task.ament_python.build:Building ROS package in '/home/jiang/mojoco/ros2_ws/src/mujoco_pendulum' with build type 'ament_python'
[0.657s] Level 1:colcon.colcon_core.shell:create_environment_hook('mujoco_pendulum', 'ament_prefix_path')
[0.662s] INFO:colcon.colcon_core.plugin_system:Skipping extension 'colcon_core.shell.bat': Not used on non-Windows systems
[0.662s] INFO:colcon.colcon_core.shell:Creating environment hook '/home/jiang/mojoco/ros2_ws/install/mujoco_pendulum/share/mujoco_pendulum/hook/ament_prefix_path.ps1'
[0.663s] INFO:colcon.colcon_core.shell:Creating environment descriptor '/home/jiang/mojoco/ros2_ws/install/mujoco_pendulum/share/mujoco_pendulum/hook/ament_prefix_path.dsv'
[0.664s] INFO:colcon.colcon_core.shell:Creating environment hook '/home/jiang/mojoco/ros2_ws/install/mujoco_pendulum/share/mujoco_pendulum/hook/ament_prefix_path.sh'
[0.665s] INFO:colcon.colcon_core.shell:Skip shell extension 'powershell' for command environment: Not usable outside of PowerShell
[0.665s] DEBUG:colcon.colcon_core.shell:Skip shell extension 'dsv' for command environment
[0.850s] INFO:colcon.colcon_core.task.python.build:Building Python package in '/home/jiang/mojoco/ros2_ws/src/mujoco_pendulum'
[0.851s] INFO:colcon.colcon_core.shell:Skip shell extension 'powershell' for command environment: Not usable outside of PowerShell
[0.851s] DEBUG:colcon.colcon_core.shell:Skip shell extension 'dsv' for command environment
[1.240s] DEBUG:colcon.colcon_core.event_handler.log_command:Invoking command in '/home/jiang/mojoco/ros2_ws/build/mujoco_pendulum': PYTHONPATH=/home/jiang/mojoco/ros2_ws/build/mujoco_pendulum/prefix_override:/usr/lib/python3/dist-packages/colcon_core/task/python/colcon_distutils_commands:/home/jiang/mojoco/ros2_ws/install/mujoco_pendulum/lib/python3.10/site-packages:${PYTHONPATH} /usr/bin/python3 -W ignore:setup.py install is deprecated -W ignore:easy_install command is deprecated setup.py develop --editable --build-directory /home/jiang/mojoco/ros2_ws/build/mujoco_pendulum/build --no-deps symlink_data
[1.513s] Level 1:colcon.colcon_core.shell:create_environment_hook('mujoco_pendulum', 'pythonpath_develop')
[1.513s] INFO:colcon.colcon_core.shell:Creating environment hook '/home/jiang/mojoco/ros2_ws/build/mujoco_pendulum/share/mujoco_pendulum/hook/pythonpath_develop.ps1'
[1.513s] DEBUG:colcon.colcon_core.event_handler.log_command:Invoked command in '/home/jiang/mojoco/ros2_ws/build/mujoco_pendulum' returned '0': PYTHONPATH=/home/jiang/mojoco/ros2_ws/build/mujoco_pendulum/prefix_override:/usr/lib/python3/dist-packages/colcon_core/task/python/colcon_distutils_commands:/home/jiang/mojoco/ros2_ws/install/mujoco_pendulum/lib/python3.10/site-packages:${PYTHONPATH} /usr/bin/python3 -W ignore:setup.py install is deprecated -W ignore:easy_install command is deprecated setup.py develop --editable --build-directory /home/jiang/mojoco/ros2_ws/build/mujoco_pendulum/build --no-deps symlink_data
[1.514s] INFO:colcon.colcon_core.shell:Creating environment descriptor '/home/jiang/mojoco/ros2_ws/build/mujoco_pendulum/share/mujoco_pendulum/hook/pythonpath_develop.dsv'
[1.514s] INFO:colcon.colcon_core.shell:Creating environment hook '/home/jiang/mojoco/ros2_ws/build/mujoco_pendulum/share/mujoco_pendulum/hook/pythonpath_develop.sh'
[1.519s] Level 1:colcon.colcon_core.environment:checking '/home/jiang/mojoco/ros2_ws/install/mujoco_pendulum' for CMake module files
[1.519s] Level 1:colcon.colcon_core.environment:checking '/home/jiang/mojoco/ros2_ws/install/mujoco_pendulum' for CMake config files
[1.522s] Level 1:colcon.colcon_core.environment:checking '/home/jiang/mojoco/ros2_ws/install/mujoco_pendulum/lib'
[1.522s] Level 1:colcon.colcon_core.environment:checking '/home/jiang/mojoco/ros2_ws/install/mujoco_pendulum/bin'
[1.522s] Level 1:colcon.colcon_core.environment:checking '/home/jiang/mojoco/ros2_ws/install/mujoco_pendulum/lib/pkgconfig/mujoco_pendulum.pc'
[1.522s] Level 1:colcon.colcon_core.environment:checking '/home/jiang/mojoco/ros2_ws/install/mujoco_pendulum/lib/python3.10/site-packages'
[1.522s] Level 1:colcon.colcon_core.shell:create_environment_hook('mujoco_pendulum', 'pythonpath')
[1.523s] INFO:colcon.colcon_core.shell:Creating environment hook '/home/jiang/mojoco/ros2_ws/install/mujoco_pendulum/share/mujoco_pendulum/hook/pythonpath.ps1'
[1.523s] INFO:colcon.colcon_core.shell:Creating environment descriptor '/home/jiang/mojoco/ros2_ws/install/mujoco_pendulum/share/mujoco_pendulum/hook/pythonpath.dsv'
[1.523s] INFO:colcon.colcon_core.shell:Creating environment hook '/home/jiang/mojoco/ros2_ws/install/mujoco_pendulum/share/mujoco_pendulum/hook/pythonpath.sh'
[1.524s] Level 1:colcon.colcon_core.environment:checking '/home/jiang/mojoco/ros2_ws/install/mujoco_pendulum/bin'
[1.524s] Level 1:colcon.colcon_core.environment:create_environment_scripts_only(mujoco_pendulum)
[1.524s] INFO:colcon.colcon_core.shell:Creating package script '/home/jiang/mojoco/ros2_ws/install/mujoco_pendulum/share/mujoco_pendulum/package.ps1'
[1.525s] INFO:colcon.colcon_core.shell:Creating package descriptor '/home/jiang/mojoco/ros2_ws/install/mujoco_pendulum/share/mujoco_pendulum/package.dsv'
[1.526s] INFO:colcon.colcon_core.shell:Creating package script '/home/jiang/mojoco/ros2_ws/install/mujoco_pendulum/share/mujoco_pendulum/package.sh'
[1.527s] INFO:colcon.colcon_core.shell:Creating package script '/home/jiang/mojoco/ros2_ws/install/mujoco_pendulum/share/mujoco_pendulum/package.bash'
[1.528s] INFO:colcon.colcon_core.shell:Creating package script '/home/jiang/mojoco/ros2_ws/install/mujoco_pendulum/share/mujoco_pendulum/package.zsh'
[1.529s] Level 1:colcon.colcon_core.environment:create_file_with_runtime_dependencies(/home/jiang/mojoco/ros2_ws/install/mujoco_pendulum/share/colcon-core/packages/mujoco_pendulum)
[1.529s] DEBUG:colcon.colcon_parallel_executor.executor.parallel:closing loop
[1.530s] DEBUG:colcon.colcon_parallel_executor.executor.parallel:loop closed
[1.530s] DEBUG:colcon.colcon_parallel_executor.executor.parallel:run_until_complete finished with '0'
[1.530s] DEBUG:colcon.colcon_core.event_reactor:joining thread
[1.714s] INFO:colcon.colcon_core.plugin_system:Skipping extension 'colcon_notification.desktop_notification.notify_send': Could not find 'notify-send'
[1.714s] INFO:colcon.colcon_core.plugin_system:Skipping extension 'colcon_notification.desktop_notification.terminal_notifier': Not used on non-Darwin systems
[1.714s] INFO:colcon.colcon_core.plugin_system:Skipping extension 'colcon_notification.desktop_notification.win32': Not used on non-Windows systems
[1.714s] INFO:colcon.colcon_notification.desktop_notification:Sending desktop notification using 'notify2'
[1.714s] DEBUG:colcon.colcon_notification.desktop_notification.notify2:Failed to initialize notify2: org.freedesktop.DBus.Error.FileNotFound: Failed to connect to socket /run/user/1000/bus: No such file or directory
[1.714s] DEBUG:colcon.colcon_core.event_reactor:joined thread
[1.715s] INFO:colcon.colcon_core.shell:Creating prefix script '/home/jiang/mojoco/ros2_ws/install/local_setup.ps1'
[1.716s] INFO:colcon.colcon_core.shell:Creating prefix util module '/home/jiang/mojoco/ros2_ws/install/_local_setup_util_ps1.py'
[1.717s] INFO:colcon.colcon_core.shell:Creating prefix chain script '/home/jiang/mojoco/ros2_ws/install/setup.ps1'
[1.718s] INFO:colcon.colcon_core.shell:Creating prefix script '/home/jiang/mojoco/ros2_ws/install/local_setup.sh'
[1.719s] INFO:colcon.colcon_core.shell:Creating prefix util module '/home/jiang/mojoco/ros2_ws/install/_local_setup_util_sh.py'
[1.719s] INFO:colcon.colcon_core.shell:Creating prefix chain script '/home/jiang/mojoco/ros2_ws/install/setup.sh'
[1.720s] INFO:colcon.colcon_core.shell:Creating prefix script '/home/jiang/mojoco/ros2_ws/install/local_setup.bash'
[1.721s] INFO:colcon.colcon_core.shell:Creating prefix chain script '/home/jiang/mojoco/ros2_ws/install/setup.bash'
[1.722s] INFO:colcon.colcon_core.shell:Creating prefix script '/home/jiang/mojoco/ros2_ws/install/local_setup.zsh'
[1.723s] INFO:colcon.colcon_core.shell:Creating prefix chain script '/home/jiang/mojoco/ros2_ws/install/setup.zsh'
