running develop
running egg_info
creating mujoco_pendulum.egg-info
writing mujoco_pendulum.egg-info/PKG-INFO
writing dependency_links to mujoco_pendulum.egg-info/dependency_links.txt
writing entry points to mujoco_pendulum.egg-info/entry_points.txt
writing requirements to mujoco_pendulum.egg-info/requires.txt
writing top-level names to mujoco_pendulum.egg-info/top_level.txt
writing manifest file 'mujoco_pendulum.egg-info/SOURCES.txt'
reading manifest file 'mujoco_pendulum.egg-info/SOURCES.txt'
writing manifest file 'mujoco_pendulum.egg-info/SOURCES.txt'
running build_ext
Creating /home/jiang/mojoco/ros2_ws/install/mujoco_pendulum/lib/python3.10/site-packages/mujoco-pendulum.egg-link (link to .)
Installing mj_lqr_node script to /home/jiang/mojoco/ros2_ws/install/mujoco_pendulum/lib/mujoco_pendulum

Installed /home/jiang/mojoco/ros2_ws/build/mujoco_pendulum
running symlink_data
creating /home/jiang/mojoco/ros2_ws/install/mujoco_pendulum/share/ament_index
creating /home/jiang/mojoco/ros2_ws/install/mujoco_pendulum/share/ament_index/resource_index
creating /home/jiang/mojoco/ros2_ws/install/mujoco_pendulum/share/ament_index/resource_index/packages
symbolically linking /home/jiang/mojoco/ros2_ws/build/mujoco_pendulum/resource/mujoco_pendulum -> /home/jiang/mojoco/ros2_ws/install/mujoco_pendulum/share/ament_index/resource_index/packages
symbolically linking /home/jiang/mojoco/ros2_ws/build/mujoco_pendulum/package.xml -> /home/jiang/mojoco/ros2_ws/install/mujoco_pendulum/share/mujoco_pendulum
creating /home/jiang/mojoco/ros2_ws/install/mujoco_pendulum/share/mujoco_pendulum/models
symbolically linking /home/jiang/mojoco/ros2_ws/build/mujoco_pendulum/models/inverted_pendulum.xml -> /home/jiang/mojoco/ros2_ws/install/mujoco_pendulum/share/mujoco_pendulum/models
